<?xml version="1.0" encoding="UTF-8"?>
<testng-results skipped="0" failed="0" ignored="0" total="1" passed="1">
  <reporter-output>
  </reporter-output>
  <suite name="Suite1" duration-ms="12812" started-at="2018-09-10T01:58:57Z" finished-at="2018-09-10T01:59:10Z">
    <groups>
    </groups>
    <test name="test" duration-ms="12812" started-at="2018-09-10T01:58:57Z" finished-at="2018-09-10T01:59:10Z">
      <class name="TestNG.addressbook">
        <test-method status="PASS" signature="launch()[pri:0, instance:TestNG.addressbook@3ffc5af1]" name="launch" is-config="true" duration-ms="8321" started-at="2018-09-10T01:58:57Z" finished-at="2018-09-10T01:59:06Z">
          <reporter-output>
          </reporter-output>
        </test-method> <!-- launch -->
        <test-method status="PASS" signature="verfiyaddbook()[pri:0, instance:TestNG.addressbook@3ffc5af1]" name="verfiyaddbook" duration-ms="2375" started-at="2018-09-10T01:59:06Z" finished-at="2018-09-10T01:59:08Z">
          <reporter-output>
          </reporter-output>
        </test-method> <!-- verfiyaddbook -->
        <test-method status="PASS" signature="close()[pri:0, instance:TestNG.addressbook@3ffc5af1]" name="close" is-config="true" duration-ms="2095" started-at="2018-09-10T01:59:08Z" finished-at="2018-09-10T01:59:10Z">
          <reporter-output>
          </reporter-output>
        </test-method> <!-- close -->
      </class> <!-- TestNG.addressbook -->
    </test> <!-- test -->
  </suite> <!-- Suite1 -->
</testng-results>
